<?xml version="1.0" encoding="UTF-8"?>
<!-- Generated by org.testng.reporters.JUnitReportReporter -->
<testsuite hostname="CKPLLTP-134" name="pack.TC001" tests="1" failures="0" timestamp="17 Mar 2019 11:22:54 GMT" time="13.186" errors="0">
  <testcase name="test" time="13.186" classname="pack.TC001"/>
</testsuite> <!-- pack.TC001 -->
