<?xml version="1.0" encoding="UTF-8"?>
<!-- Generated by org.testng.reporters.JUnitReportReporter -->
<testsuite hostname="CKPLLTP-134" name="pack.TC001" tests="1" failures="0" timestamp="17 Mar 2019 11:24:28 GMT" time="11.107" errors="0">
  <testcase name="test" time="11.107" classname="pack.TC001"/>
</testsuite> <!-- pack.TC001 -->
